<?xml version="1.0" encoding="UTF-8"?>
<testng-results skipped="0" failed="0" ignored="3" total="6" passed="3">
  <reporter-output>
  </reporter-output>
  <suite name="Suite" duration-ms="78" started-at="2023-06-29T04:02:35Z" finished-at="2023-06-29T04:02:35Z">
    <groups>
      <group name="Regression">
        <method signature="CarLoan.CarLoanwithAPP()[pri:0, instance:BankingProject.LoanDepartmnent.CarLoan@4387b79e]" name="CarLoanwithAPP" class="BankingProject.LoanDepartmnent.CarLoan"/>
        <method signature="CarLoan.CarLoanwithBranch()[pri:0, instance:BankingProject.LoanDepartmnent.CarLoan@4387b79e]" name="CarLoanwithBranch" class="BankingProject.LoanDepartmnent.CarLoan"/>
        <method signature="HomeLoan.HomeLoanwithWeb()[pri:0, instance:BankingProject.LoanDepartmnent.HomeLoan@4f638935]" name="HomeLoanwithWeb" class="BankingProject.LoanDepartmnent.HomeLoan"/>
      </group> <!-- Regression -->
    </groups>
    <test name="Test" duration-ms="78" started-at="2023-06-29T04:02:35Z" finished-at="2023-06-29T04:02:35Z">
      <class name="BankingProject.LoanDepartmnent.HomeLoan">
        <test-method status="PASS" signature="HomeLoanwithWeb()[pri:0, instance:BankingProject.LoanDepartmnent.HomeLoan@4f638935]" name="HomeLoanwithWeb" duration-ms="14" started-at="2023-06-29T04:02:35Z" finished-at="2023-06-29T04:02:35Z">
          <reporter-output>
          </reporter-output>
        </test-method> <!-- HomeLoanwithWeb -->
      </class> <!-- BankingProject.LoanDepartmnent.HomeLoan -->
      <class name="BankingProject.LoanDepartmnent.CarLoan">
        <test-method status="PASS" signature="CarLoanwithAPP()[pri:0, instance:BankingProject.LoanDepartmnent.CarLoan@4387b79e]" name="CarLoanwithAPP" duration-ms="0" started-at="2023-06-29T04:02:35Z" finished-at="2023-06-29T04:02:35Z">
          <reporter-output>
          </reporter-output>
        </test-method> <!-- CarLoanwithAPP -->
        <test-method status="PASS" signature="CarLoanwithBranch()[pri:0, instance:BankingProject.LoanDepartmnent.CarLoan@4387b79e]" name="CarLoanwithBranch" duration-ms="0" started-at="2023-06-29T04:02:35Z" finished-at="2023-06-29T04:02:35Z">
          <reporter-output>
          </reporter-output>
        </test-method> <!-- CarLoanwithBranch -->
      </class> <!-- BankingProject.LoanDepartmnent.CarLoan -->
    </test> <!-- Test -->
  </suite> <!-- Suite -->
</testng-results>
