<?xml version="1.0" encoding="UTF-8"?>
<!-- Generated by org.testng.reporters.JUnitXMLReporter -->
<testsuite ignored="0" hostname="DESKTOP-MUEUS88" failures="0" tests="3" name="Default test" time="0.13" errors="0" timestamp="23 Jun 2023 04:35:14 GMT">
  <testcase classname="BankingProject.LoanDepartmnent.CarLoan" name="CarLoanwithAPP" time="0.026"/>
  <testcase classname="BankingProject.LoanDepartmnent.CarLoan" name="CarLoanwithBranch" time="0.007"/>
  <testcase classname="BankingProject.LoanDepartmnent.CarLoan" name="CarLoanwithWeb" time="0.012"/>
</testsuite> <!-- Default test -->
