<?xml version="1.0" encoding="UTF-8"?>
<testng-results ignored="4" total="6" passed="2" failed="0" skipped="0">
  <reporter-output>
  </reporter-output>
  <suite started-at="2023-06-23T04:58:05Z" name="Suite" finished-at="2023-06-23T04:58:05Z" duration-ms="91">
    <groups>
      <group name="Sanity">
        <method signature="CarLoan.CarLoanwithWeb()[pri:0, instance:BankingProject.LoanDepartmnent.CarLoan@13d4992d]" name="CarLoanwithWeb" class="BankingProject.LoanDepartmnent.CarLoan"/>
        <method signature="HomeLoan.HomeLoanwithAPP()[pri:0, instance:BankingProject.LoanDepartmnent.HomeLoan@5082d622]" name="HomeLoanwithAPP" class="BankingProject.LoanDepartmnent.HomeLoan"/>
      </group> <!-- Sanity -->
    </groups>
    <test started-at="2023-06-23T04:58:05Z" name="Test" finished-at="2023-06-23T04:58:05Z" duration-ms="91">
      <class name="BankingProject.LoanDepartmnent.CarLoan">
        <test-method signature="CarLoanwithWeb()[pri:0, instance:BankingProject.LoanDepartmnent.CarLoan@13d4992d]" started-at="2023-06-23T04:58:05Z" name="CarLoanwithWeb" finished-at="2023-06-23T04:58:05Z" duration-ms="3" status="PASS">
          <reporter-output>
          </reporter-output>
        </test-method> <!-- CarLoanwithWeb -->
      </class> <!-- BankingProject.LoanDepartmnent.CarLoan -->
      <class name="BankingProject.LoanDepartmnent.HomeLoan">
        <test-method signature="HomeLoanwithAPP()[pri:0, instance:BankingProject.LoanDepartmnent.HomeLoan@5082d622]" started-at="2023-06-23T04:58:05Z" name="HomeLoanwithAPP" finished-at="2023-06-23T04:58:05Z" duration-ms="21" status="PASS">
          <reporter-output>
          </reporter-output>
        </test-method> <!-- HomeLoanwithAPP -->
      </class> <!-- BankingProject.LoanDepartmnent.HomeLoan -->
    </test> <!-- Test -->
  </suite> <!-- Suite -->
</testng-results>
