<?xml version="1.0" encoding="UTF-8"?>
<!-- Generated by org.testng.reporters.JUnitXMLReporter -->
<testsuite ignored="4" hostname="DESKTOP-MUEUS88" failures="0" tests="2" name="Test" time="0.091" errors="0" timestamp="23 Jun 2023 04:58:05 GMT">
  <testcase classname="BankingProject.LoanDepartmnent.HomeLoan" name="HomeLoanwithAPP" time="0.021"/>
  <testcase classname="BankingProject.LoanDepartmnent.CarLoan" name="CarLoanwithWeb" time="0.003"/>
  <testcase classname="BankingProject.LoanDepartmnent.HomeLoan" name="HomeLoanwithBranch" time="0.0">
    <ignored/>
  </testcase> <!-- HomeLoanwithBranch -->
  <testcase classname="BankingProject.LoanDepartmnent.CarLoan" name="CarLoanwithAPP" time="0.0">
    <ignored/>
  </testcase> <!-- CarLoanwithAPP -->
  <testcase classname="BankingProject.LoanDepartmnent.CarLoan" name="CarLoanwithBranch" time="0.0">
    <ignored/>
  </testcase> <!-- CarLoanwithBranch -->
  <testcase classname="BankingProject.LoanDepartmnent.HomeLoan" name="HomeLoanwithWeb" time="0.0">
    <ignored/>
  </testcase> <!-- HomeLoanwithWeb -->
</testsuite> <!-- Test -->
