<?xml version="1.0" encoding="UTF-8"?>
<!-- Generated by org.testng.reporters.JUnitXMLReporter -->
<testsuite hostname="DESKTOP-MUEUS88" ignored="0" name="Test" tests="6" failures="0" timestamp="23 Jun 2023 04:59:21 GMT" time="0.072" errors="0">
  <testcase name="HomeLoanwithAPP" time="0.011" classname="BankingProject.LoanDepartmnent.HomeLoan"/>
  <testcase name="HomeLoanwithBranch" time="0.0" classname="BankingProject.LoanDepartmnent.HomeLoan"/>
  <testcase name="HomeLoanwithWeb" time="0.0" classname="BankingProject.LoanDepartmnent.HomeLoan"/>
  <testcase name="CarLoanwithAPP" time="0.001" classname="BankingProject.LoanDepartmnent.CarLoan"/>
  <testcase name="CarLoanwithBranch" time="0.0" classname="BankingProject.LoanDepartmnent.CarLoan"/>
  <testcase name="CarLoanwithWeb" time="0.004" classname="BankingProject.LoanDepartmnent.CarLoan"/>
</testsuite> <!-- Test -->
