<?xml version="1.0" encoding="UTF-8"?>
<!-- Generated by org.testng.reporters.JUnitXMLReporter -->
<testsuite hostname="DESKTOP-MUEUS88" ignored="3" name="Test" tests="3" failures="0" timestamp="29 Jun 2023 04:02:35 GMT" time="0.078" errors="0">
  <testcase name="HomeLoanwithWeb" time="0.014" classname="BankingProject.LoanDepartmnent.HomeLoan"/>
  <testcase name="CarLoanwithAPP" time="0.0" classname="BankingProject.LoanDepartmnent.CarLoan"/>
  <testcase name="CarLoanwithBranch" time="0.0" classname="BankingProject.LoanDepartmnent.CarLoan"/>
  <testcase name="CarLoanwithWeb" time="0.0" classname="BankingProject.LoanDepartmnent.CarLoan">
    <ignored/>
  </testcase> <!-- CarLoanwithWeb -->
  <testcase name="HomeLoanwithBranch" time="0.0" classname="BankingProject.LoanDepartmnent.HomeLoan">
    <ignored/>
  </testcase> <!-- HomeLoanwithBranch -->
  <testcase name="HomeLoanwithAPP" time="0.0" classname="BankingProject.LoanDepartmnent.HomeLoan">
    <ignored/>
  </testcase> <!-- HomeLoanwithAPP -->
</testsuite> <!-- Test -->
